# JRE version: OpenJDK Runtime Environment Temurin-17.0.3+7 (17.0.3+7) (build 17.0.3+7)
# Java VM: OpenJDK 64-Bit Server VM Temurin-17.0.3+7 (17.0.3+7, mixed mode, tiered, compressed oops, compressed class ptrs, parallel gc, windows-amd64)
GC Precious Log:
 CPUs: 4 total, 4 available
 Memory: 8109M
 Large Page Support: Disabled
 NUMA Support: Disabled
 Compressed Oops: Enabled (32-bit)
 Alignments: Space 512K, Generation 512K, Heap 2M
 Heap Min Capacity: 100M
 Heap Initial Capacity: 100M
 Heap Max Capacity: 1G
 Pre-touch: Disabled
 Parallel Workers: 4
Heap:
 PSYoungGen      total 35328K, used 34848K [0x00000000eab00000, 0x00000000edd80000, 0x0000000100000000)
  eden space 20480K, 100% used [0x00000000eab00000,0x00000000ebf00000,0x00000000ebf00000)
  from space 14848K, 96% used [0x00000000ecf00000,0x00000000edd08000,0x00000000edd80000)
  to   space 14848K, 0% used [0x00000000ec080000,0x00000000ec080000,0x00000000ecf00000)
 ParOldGen       total 77824K, used 64495K [0x00000000c0000000, 0x00000000c4c00000, 0x00000000eab00000)
  object space 77824K, 82% used [0x00000000c0000000,0x00000000c3efbd20,0x00000000c4c00000)
 Metaspace       used 59548K, committed 60480K, reserved 1105920K
  class space    used 6288K, committed 6720K, reserved 1048576K
GC Heap History (20 events):
Event: 24.953 GC heap before
{Heap before GC invocations=23 (full 2):
 PSYoungGen      total 21504K, used 21142K [0x00000000eab00000, 0x00000000ec380000, 0x0000000100000000)
  eden space 20480K, 100% used [0x00000000eab00000,0x00000000ebf00000,0x00000000ebf00000)
  from space 1024K, 64% used [0x00000000ec280000,0x00000000ec325ba8,0x00000000ec380000)
  to   space 1536K, 0% used [0x00000000ec080000,0x00000000ec080000,0x00000000ec200000)
 ParOldGen       total 68608K, used 31984K [0x00000000c0000000, 0x00000000c4300000, 0x00000000eab00000)
  object space 68608K, 46% used [0x00000000c0000000,0x00000000c1f3c058,0x00000000c4300000)
 Metaspace       used 50408K, committed 51264K, reserved 1097728K
  class space    used 5368K, committed 5760K, reserved 1048576K
}
Event: 24.955 GC heap after
{Heap after GC invocations=23 (full 2):
 PSYoungGen      total 22016K, used 1334K [0x00000000eab00000, 0x00000000ec300000, 0x0000000100000000)
  eden space 20480K, 0% used [0x00000000eab00000,0x00000000eab00000,0x00000000ebf00000)
  from space 1536K, 86% used [0x00000000ec080000,0x00000000ec1cd818,0x00000000ec200000)
  to   space 1024K, 0% used [0x00000000ec200000,0x00000000ec200000,0x00000000ec300000)
 ParOldGen       total 68608K, used 32546K [0x00000000c0000000, 0x00000000c4300000, 0x00000000eab00000)
  object space 68608K, 47% used [0x00000000c0000000,0x00000000c1fc8968,0x00000000c4300000)
 Metaspace       used 50408K, committed 51264K, reserved 1097728K
  class space    used 5368K, committed 5760K, reserved 1048576K
}
Event: 25.182 GC heap before
{Heap before GC invocations=24 (full 2):
 PSYoungGen      total 22016K, used 21814K [0x00000000eab00000, 0x00000000ec300000, 0x0000000100000000)
  eden space 20480K, 100% used [0x00000000eab00000,0x00000000ebf00000,0x00000000ebf00000)
  from space 1536K, 86% used [0x00000000ec080000,0x00000000ec1cd818,0x00000000ec200000)
  to   space 1024K, 0% used [0x00000000ec200000,0x00000000ec200000,0x00000000ec300000)
 ParOldGen       total 68608K, used 32546K [0x00000000c0000000, 0x00000000c4300000, 0x00000000eab00000)
  object space 68608K, 47% used [0x00000000c0000000,0x00000000c1fc8968,0x00000000c4300000)
 Metaspace       used 50437K, committed 51264K, reserved 1097728K
  class space    used 5368K, committed 5760K, reserved 1048576K
}
Event: 25.184 GC heap after
{Heap after GC invocations=24 (full 2):
 PSYoungGen      total 21504K, used 875K [0x00000000eab00000, 0x00000000ec300000, 0x0000000100000000)
  eden space 20480K, 0% used [0x00000000eab00000,0x00000000eab00000,0x00000000ebf00000)
  from space 1024K, 85% used [0x00000000ec200000,0x00000000ec2dae70,0x00000000ec300000)
  to   space 1536K, 0% used [0x00000000ec000000,0x00000000ec000000,0x00000000ec180000)
 ParOldGen       total 68608K, used 33040K [0x00000000c0000000, 0x00000000c4300000, 0x00000000eab00000)
  object space 68608K, 48% used [0x00000000c0000000,0x00000000c2044258,0x00000000c4300000)
 Metaspace       used 50437K, committed 51264K, reserved 1097728K
  class space    used 5368K, committed 5760K, reserved 1048576K
}
Event: 26.029 GC heap before
{Heap before GC invocations=25 (full 2):
 PSYoungGen      total 21504K, used 21355K [0x00000000eab00000, 0x00000000ec300000, 0x0000000100000000)
  eden space 20480K, 100% used [0x00000000eab00000,0x00000000ebf00000,0x00000000ebf00000)
  from space 1024K, 85% used [0x00000000ec200000,0x00000000ec2dae70,0x00000000ec300000)
  to   space 1536K, 0% used [0x00000000ec000000,0x00000000ec000000,0x00000000ec180000)
 ParOldGen       total 68608K, used 33040K [0x00000000c0000000, 0x00000000c4300000, 0x00000000eab00000)
  object space 68608K, 48% used [0x00000000c0000000,0x00000000c2044258,0x00000000c4300000)
 Metaspace       used 52052K, committed 52992K, reserved 1097728K
  class space    used 5533K, committed 5952K, reserved 1048576K
}
Event: 26.031 GC heap after
{Heap after GC invocations=25 (full 2):
 PSYoungGen      total 22016K, used 588K [0x00000000eab00000, 0x00000000ec280000, 0x0000000100000000)
  eden space 20480K, 0% used [0x00000000eab00000,0x00000000eab00000,0x00000000ebf00000)
  from space 1536K, 38% used [0x00000000ec000000,0x00000000ec093300,0x00000000ec180000)
  to   space 1024K, 0% used [0x00000000ec180000,0x00000000ec180000,0x00000000ec280000)
 ParOldGen       total 68608K, used 33056K [0x00000000c0000000, 0x00000000c4300000, 0x00000000eab00000)
  object space 68608K, 48% used [0x00000000c0000000,0x00000000c2048258,0x00000000c4300000)
 Metaspace       used 52052K, committed 52992K, reserved 1097728K
  class space    used 5533K, committed 5952K, reserved 1048576K
}
Event: 26.824 GC heap before
{Heap before GC invocations=26 (full 2):
 PSYoungGen      total 22016K, used 21068K [0x00000000eab00000, 0x00000000ec280000, 0x0000000100000000)
  eden space 20480K, 100% used [0x00000000eab00000,0x00000000ebf00000,0x00000000ebf00000)
  from space 1536K, 38% used [0x00000000ec000000,0x00000000ec093300,0x00000000ec180000)
  to   space 1024K, 0% used [0x00000000ec180000,0x00000000ec180000,0x00000000ec280000)
 ParOldGen       total 68608K, used 33056K [0x00000000c0000000, 0x00000000c4300000, 0x00000000eab00000)
  object space 68608K, 48% used [0x00000000c0000000,0x00000000c2048258,0x00000000c4300000)
 Metaspace       used 53973K, committed 54912K, reserved 1097728K
  class space    used 5751K, committed 6144K, reserved 1048576K
}
Event: 26.827 GC heap after
{Heap after GC invocations=26 (full 2):
 PSYoungGen      total 21504K, used 864K [0x00000000eab00000, 0x00000000ec280000, 0x0000000100000000)
  eden space 20480K, 0% used [0x00000000eab00000,0x00000000eab00000,0x00000000ebf00000)
  from space 1024K, 84% used [0x00000000ec180000,0x00000000ec258000,0x00000000ec280000)
  to   space 1024K, 0% used [0x00000000ec080000,0x00000000ec080000,0x00000000ec180000)
 ParOldGen       total 68608K, used 33490K [0x00000000c0000000, 0x00000000c4300000, 0x00000000eab00000)
  object space 68608K, 48% used [0x00000000c0000000,0x00000000c20b4a40,0x00000000c4300000)
 Metaspace       used 53973K, committed 54912K, reserved 1097728K
  class space    used 5751K, committed 6144K, reserved 1048576K
}
Event: 27.964 GC heap before
{Heap before GC invocations=27 (full 2):
 PSYoungGen      total 21504K, used 21344K [0x00000000eab00000, 0x00000000ec280000, 0x0000000100000000)
  eden space 20480K, 100% used [0x00000000eab00000,0x00000000ebf00000,0x00000000ebf00000)
  from space 1024K, 84% used [0x00000000ec180000,0x00000000ec258000,0x00000000ec280000)
  to   space 1024K, 0% used [0x00000000ec080000,0x00000000ec080000,0x00000000ec180000)
 ParOldGen       total 68608K, used 33490K [0x00000000c0000000, 0x00000000c4300000, 0x00000000eab00000)
  object space 68608K, 48% used [0x00000000c0000000,0x00000000c20b4a40,0x00000000c4300000)
 Metaspace       used 56471K, committed 57408K, reserved 1105920K
  class space    used 5996K, committed 6400K, reserved 1048576K
}
Event: 27.971 GC heap after
{Heap after GC invocations=27 (full 2):
 PSYoungGen      total 21504K, used 1019K [0x00000000eab00000, 0x00000000eca00000, 0x0000000100000000)
  eden space 20480K, 0% used [0x00000000eab00000,0x00000000eab00000,0x00000000ebf00000)
  from space 1024K, 99% used [0x00000000ec080000,0x00000000ec17ed10,0x00000000ec180000)
  to   space 5632K, 0% used [0x00000000ec480000,0x00000000ec480000,0x00000000eca00000)
 ParOldGen       total 68608K, used 36973K [0x00000000c0000000, 0x00000000c4300000, 0x00000000eab00000)
  object space 68608K, 53% used [0x00000000c0000000,0x00000000c241b7f0,0x00000000c4300000)
 Metaspace       used 56471K, committed 57408K, reserved 1105920K
  class space    used 5996K, committed 6400K, reserved 1048576K
}
Event: 31.759 GC heap before
{Heap before GC invocations=28 (full 2):
 PSYoungGen      total 21504K, used 20363K [0x00000000eab00000, 0x00000000eca00000, 0x0000000100000000)
  eden space 20480K, 94% used [0x00000000eab00000,0x00000000ebde42a0,0x00000000ebf00000)
  from space 1024K, 99% used [0x00000000ec080000,0x00000000ec17ed10,0x00000000ec180000)
  to   space 5632K, 0% used [0x00000000ec480000,0x00000000ec480000,0x00000000eca00000)
 ParOldGen       total 68608K, used 36973K [0x00000000c0000000, 0x00000000c4300000, 0x00000000eab00000)
  object space 68608K, 53% used [0x00000000c0000000,0x00000000c241b7f0,0x00000000c4300000)
 Metaspace       used 58301K, committed 59264K, reserved 1105920K
  class space    used 6169K, committed 6592K, reserved 1048576K
}
Event: 31.763 GC heap after
{Heap after GC invocations=28 (full 2):
 PSYoungGen      total 25088K, used 4498K [0x00000000eab00000, 0x00000000ec900000, 0x0000000100000000)
  eden space 20480K, 0% used [0x00000000eab00000,0x00000000eab00000,0x00000000ebf00000)
  from space 4608K, 97% used [0x00000000ec480000,0x00000000ec8e4b18,0x00000000ec900000)
  to   space 5120K, 0% used [0x00000000ebf00000,0x00000000ebf00000,0x00000000ec400000)
 ParOldGen       total 68608K, used 37994K [0x00000000c0000000, 0x00000000c4300000, 0x00000000eab00000)
  object space 68608K, 55% used [0x00000000c0000000,0x00000000c251ab38,0x00000000c4300000)
 Metaspace       used 58301K, committed 59264K, reserved 1105920K
  class space    used 6169K, committed 6592K, reserved 1048576K
}
Event: 32.200 GC heap before
{Heap before GC invocations=29 (full 2):
 PSYoungGen      total 25088K, used 24978K [0x00000000eab00000, 0x00000000ec900000, 0x0000000100000000)
  eden space 20480K, 100% used [0x00000000eab00000,0x00000000ebf00000,0x00000000ebf00000)
  from space 4608K, 97% used [0x00000000ec480000,0x00000000ec8e4b18,0x00000000ec900000)
  to   space 5120K, 0% used [0x00000000ebf00000,0x00000000ebf00000,0x00000000ec400000)
 ParOldGen       total 79872K, used 75333K [0x00000000c0000000, 0x00000000c4e00000, 0x00000000eab00000)
  object space 79872K, 94% used [0x00000000c0000000,0x00000000c4991688,0x00000000c4e00000)
 Metaspace       used 58309K, committed 59264K, reserved 1105920K
  class space    used 6170K, committed 6592K, reserved 1048576K
}
Event: 32.206 GC heap after
{Heap after GC invocations=29 (full 2):
 PSYoungGen      total 25600K, used 4896K [0x00000000eab00000, 0x00000000ec900000, 0x0000000100000000)
  eden space 20480K, 0% used [0x00000000eab00000,0x00000000eab00000,0x00000000ebf00000)
  from space 5120K, 95% used [0x00000000ebf00000,0x00000000ec3c8000,0x00000000ec400000)
  to   space 5120K, 0% used [0x00000000ec400000,0x00000000ec400000,0x00000000ec900000)
 ParOldGen       total 79872K, used 77497K [0x00000000c0000000, 0x00000000c4e00000, 0x00000000eab00000)
  object space 79872K, 97% used [0x00000000c0000000,0x00000000c4bae5c0,0x00000000c4e00000)
 Metaspace       used 58309K, committed 59264K, reserved 1105920K
  class space    used 6170K, committed 6592K, reserved 1048576K
}
Event: 32.206 GC heap before
{Heap before GC invocations=30 (full 3):
 PSYoungGen      total 25600K, used 4896K [0x00000000eab00000, 0x00000000ec900000, 0x0000000100000000)
  eden space 20480K, 0% used [0x00000000eab00000,0x00000000eab00000,0x00000000ebf00000)
  from space 5120K, 95% used [0x00000000ebf00000,0x00000000ec3c8000,0x00000000ec400000)
  to   space 5120K, 0% used [0x00000000ec400000,0x00000000ec400000,0x00000000ec900000)
 ParOldGen       total 79872K, used 77497K [0x00000000c0000000, 0x00000000c4e00000, 0x00000000eab00000)
  object space 79872K, 97% used [0x00000000c0000000,0x00000000c4bae5c0,0x00000000c4e00000)
 Metaspace       used 58309K, committed 59264K, reserved 1105920K
  class space    used 6170K, committed 6592K, reserved 1048576K
}
Event: 32.321 GC heap after
{Heap after GC invocations=30 (full 3):
 PSYoungGen      total 25600K, used 0K [0x00000000eab00000, 0x00000000ec900000, 0x0000000100000000)
  eden space 20480K, 0% used [0x00000000eab00000,0x00000000eab00000,0x00000000ebf00000)
  from space 5120K, 0% used [0x00000000ec400000,0x00000000ec400000,0x00000000ec900000)
  to   space 5120K, 0% used [0x00000000ebf00000,0x00000000ebf00000,0x00000000ec400000)
 ParOldGen       total 77824K, used 49967K [0x00000000c0000000, 0x00000000c4c00000, 0x00000000eab00000)
  object space 77824K, 64% used [0x00000000c0000000,0x00000000c30cbd20,0x00000000c4c00000)
 Metaspace       used 58309K, committed 59264K, reserved 1105920K
  class space    used 6170K, committed 6592K, reserved 1048576K
}
Event: 32.452 GC heap before
{Heap before GC invocations=31 (full 3):
 PSYoungGen      total 25600K, used 20480K [0x00000000eab00000, 0x00000000ec900000, 0x0000000100000000)
  eden space 20480K, 100% used [0x00000000eab00000,0x00000000ebf00000,0x00000000ebf00000)
  from space 5120K, 0% used [0x00000000ec400000,0x00000000ec400000,0x00000000ec900000)
  to   space 5120K, 0% used [0x00000000ebf00000,0x00000000ebf00000,0x00000000ec400000)
 ParOldGen       total 77824K, used 49967K [0x00000000c0000000, 0x00000000c4c00000, 0x00000000eab00000)
  object space 77824K, 64% used [0x00000000c0000000,0x00000000c30cbd20,0x00000000c4c00000)
 Metaspace       used 58309K, committed 59264K, reserved 1105920K
  class space    used 6170K, committed 6592K, reserved 1048576K
}
Event: 32.465 GC heap after
{Heap after GC invocations=31 (full 3):
 PSYoungGen      total 25600K, used 5120K [0x00000000eab00000, 0x00000000edf00000, 0x0000000100000000)
  eden space 20480K, 0% used [0x00000000eab00000,0x00000000eab00000,0x00000000ebf00000)
  from space 5120K, 100% used [0x00000000ebf00000,0x00000000ec400000,0x00000000ec400000)
  to   space 16384K, 0% used [0x00000000ecf00000,0x00000000ecf00000,0x00000000edf00000)
 ParOldGen       total 77824K, used 59343K [0x00000000c0000000, 0x00000000c4c00000, 0x00000000eab00000)
  object space 77824K, 76% used [0x00000000c0000000,0x00000000c39f3d20,0x00000000c4c00000)
 Metaspace       used 58309K, committed 59264K, reserved 1105920K
  class space    used 6170K, committed 6592K, reserved 1048576K
}
Event: 32.594 GC heap before
{Heap before GC invocations=32 (full 3):
 PSYoungGen      total 25600K, used 25600K [0x00000000eab00000, 0x00000000edf00000, 0x0000000100000000)
  eden space 20480K, 100% used [0x00000000eab00000,0x00000000ebf00000,0x00000000ebf00000)
  from space 5120K, 100% used [0x00000000ebf00000,0x00000000ec400000,0x00000000ec400000)
  to   space 16384K, 0% used [0x00000000ecf00000,0x00000000ecf00000,0x00000000edf00000)
 ParOldGen       total 77824K, used 59343K [0x00000000c0000000, 0x00000000c4c00000, 0x00000000eab00000)
  object space 77824K, 76% used [0x00000000c0000000,0x00000000c39f3d20,0x00000000c4c00000)
 Metaspace       used 58309K, committed 59264K, reserved 1105920K
  class space    used 6170K, committed 6592K, reserved 1048576K
}
Event: 32.610 GC heap after
{Heap after GC invocations=32 (full 3):
 PSYoungGen      total 35328K, used 14368K [0x00000000eab00000, 0x00000000edd80000, 0x0000000100000000)
  eden space 20480K, 0% used [0x00000000eab00000,0x00000000eab00000,0x00000000ebf00000)
  from space 14848K, 96% used [0x00000000ecf00000,0x00000000edd08000,0x00000000edd80000)
  to   space 14848K, 0% used [0x00000000ec080000,0x00000000ec080000,0x00000000ecf00000)
 ParOldGen       total 77824K, used 64495K [0x00000000c0000000, 0x00000000c4c00000, 0x00000000eab00000)
  object space 77824K, 82% used [0x00000000c0000000,0x00000000c3efbd20,0x00000000c4c00000)
 Metaspace       used 58309K, committed 59264K, reserved 1105920K
  class space    used 6170K, committed 6592K, reserved 1048576K
}

