# JRE version: OpenJDK Runtime Environment Temurin-17.0.3+7 (17.0.3+7) (build 17.0.3+7)
# Java VM: OpenJDK 64-Bit Server VM Temurin-17.0.3+7 (17.0.3+7, mixed mode, tiered, compressed oops, compressed class ptrs, parallel gc, windows-amd64)
GC Precious Log:
 CPUs: 4 total, 4 available
 Memory: 8109M
 Large Page Support: Disabled
 NUMA Support: Disabled
 Compressed Oops: Enabled (32-bit)
 Alignments: Space 512K, Generation 512K, Heap 2M
 Heap Min Capacity: 100M
 Heap Initial Capacity: 100M
 Heap Max Capacity: 1G
 Pre-touch: Disabled
 Parallel Workers: 4
Heap:
 PSYoungGen      total 22016K, used 12211K [0x00000000eab00000, 0x00000000ec380000, 0x0000000100000000)
  eden space 20992K, 54% used [0x00000000eab00000,0x00000000eb621f78,0x00000000ebf80000)
  from space 1024K, 79% used [0x00000000ec080000,0x00000000ec14ae58,0x00000000ec180000)
  to   space 1536K, 0% used [0x00000000ec200000,0x00000000ec200000,0x00000000ec380000)
 ParOldGen       total 68608K, used 31782K [0x00000000c0000000, 0x00000000c4300000, 0x00000000eab00000)
  object space 68608K, 46% used [0x00000000c0000000,0x00000000c1f098f0,0x00000000c4300000)
 Metaspace       used 50691K, committed 51520K, reserved 1097728K
  class space    used 5392K, committed 5760K, reserved 1048576K
GC Heap History (20 events):
Event: 11.576 GC heap before
{Heap before GC invocations=14 (full 2):
 PSYoungGen      total 24064K, used 23808K [0x00000000eab00000, 0x00000000ec580000, 0x0000000100000000)
  eden space 22528K, 100% used [0x00000000eab00000,0x00000000ec100000,0x00000000ec100000)
  from space 1536K, 83% used [0x00000000ec380000,0x00000000ec4c0000,0x00000000ec500000)
  to   space 512K, 0% used [0x00000000ec500000,0x00000000ec500000,0x00000000ec580000)
 ParOldGen       total 68608K, used 13971K [0x00000000c0000000, 0x00000000c4300000, 0x00000000eab00000)
  object space 68608K, 20% used [0x00000000c0000000,0x00000000c0da4f10,0x00000000c4300000)
 Metaspace       used 43913K, committed 44736K, reserved 1089536K
  class space    used 4717K, committed 5120K, reserved 1048576K
}
Event: 11.581 GC heap after
{Heap after GC invocations=14 (full 2):
 PSYoungGen      total 22528K, used 495K [0x00000000eab00000, 0x00000000ec780000, 0x0000000100000000)
  eden space 22016K, 0% used [0x00000000eab00000,0x00000000eab00000,0x00000000ec080000)
  from space 512K, 96% used [0x00000000ec500000,0x00000000ec57bc58,0x00000000ec580000)
  to   space 3584K, 0% used [0x00000000ec080000,0x00000000ec080000,0x00000000ec400000)
 ParOldGen       total 68608K, used 16587K [0x00000000c0000000, 0x00000000c4300000, 0x00000000eab00000)
  object space 68608K, 24% used [0x00000000c0000000,0x00000000c1032e68,0x00000000c4300000)
 Metaspace       used 43913K, committed 44736K, reserved 1089536K
  class space    used 4717K, committed 5120K, reserved 1048576K
}
Event: 12.395 GC heap before
{Heap before GC invocations=15 (full 2):
 PSYoungGen      total 22528K, used 22511K [0x00000000eab00000, 0x00000000ec780000, 0x0000000100000000)
  eden space 22016K, 100% used [0x00000000eab00000,0x00000000ec080000,0x00000000ec080000)
  from space 512K, 96% used [0x00000000ec500000,0x00000000ec57bc58,0x00000000ec580000)
  to   space 3584K, 0% used [0x00000000ec080000,0x00000000ec080000,0x00000000ec400000)
 ParOldGen       total 68608K, used 16587K [0x00000000c0000000, 0x00000000c4300000, 0x00000000eab00000)
  object space 68608K, 24% used [0x00000000c0000000,0x00000000c1032e68,0x00000000c4300000)
 Metaspace       used 45582K, committed 46400K, reserved 1097728K
  class space    used 4892K, committed 5248K, reserved 1048576K
}
Event: 12.397 GC heap after
{Heap after GC invocations=15 (full 2):
 PSYoungGen      total 24064K, used 1720K [0x00000000eab00000, 0x00000000ec580000, 0x0000000100000000)
  eden space 22016K, 0% used [0x00000000eab00000,0x00000000eab00000,0x00000000ec080000)
  from space 2048K, 84% used [0x00000000ec080000,0x00000000ec22e338,0x00000000ec280000)
  to   space 2560K, 0% used [0x00000000ec300000,0x00000000ec300000,0x00000000ec580000)
 ParOldGen       total 68608K, used 17092K [0x00000000c0000000, 0x00000000c4300000, 0x00000000eab00000)
  object space 68608K, 24% used [0x00000000c0000000,0x00000000c10b1178,0x00000000c4300000)
 Metaspace       used 45582K, committed 46400K, reserved 1097728K
  class space    used 4892K, committed 5248K, reserved 1048576K
}
Event: 12.721 GC heap before
{Heap before GC invocations=16 (full 2):
 PSYoungGen      total 24064K, used 23736K [0x00000000eab00000, 0x00000000ec580000, 0x0000000100000000)
  eden space 22016K, 100% used [0x00000000eab00000,0x00000000ec080000,0x00000000ec080000)
  from space 2048K, 84% used [0x00000000ec080000,0x00000000ec22e338,0x00000000ec280000)
  to   space 2560K, 0% used [0x00000000ec300000,0x00000000ec300000,0x00000000ec580000)
 ParOldGen       total 68608K, used 17092K [0x00000000c0000000, 0x00000000c4300000, 0x00000000eab00000)
  object space 68608K, 24% used [0x00000000c0000000,0x00000000c10b1178,0x00000000c4300000)
 Metaspace       used 45784K, committed 46528K, reserved 1097728K
  class space    used 4911K, committed 5248K, reserved 1048576K
}
Event: 12.726 GC heap after
{Heap after GC invocations=16 (full 2):
 PSYoungGen      total 24576K, used 2048K [0x00000000eab00000, 0x00000000ec580000, 0x0000000100000000)
  eden space 22016K, 0% used [0x00000000eab00000,0x00000000eab00000,0x00000000ec080000)
  from space 2560K, 80% used [0x00000000ec300000,0x00000000ec500010,0x00000000ec580000)
  to   space 2560K, 0% used [0x00000000ec080000,0x00000000ec080000,0x00000000ec300000)
 ParOldGen       total 68608K, used 18725K [0x00000000c0000000, 0x00000000c4300000, 0x00000000eab00000)
  object space 68608K, 27% used [0x00000000c0000000,0x00000000c12494b0,0x00000000c4300000)
 Metaspace       used 45784K, committed 46528K, reserved 1097728K
  class space    used 4911K, committed 5248K, reserved 1048576K
}
Event: 12.947 GC heap before
{Heap before GC invocations=17 (full 2):
 PSYoungGen      total 24576K, used 24064K [0x00000000eab00000, 0x00000000ec580000, 0x0000000100000000)
  eden space 22016K, 100% used [0x00000000eab00000,0x00000000ec080000,0x00000000ec080000)
  from space 2560K, 80% used [0x00000000ec300000,0x00000000ec500010,0x00000000ec580000)
  to   space 2560K, 0% used [0x00000000ec080000,0x00000000ec080000,0x00000000ec300000)
 ParOldGen       total 68608K, used 18725K [0x00000000c0000000, 0x00000000c4300000, 0x00000000eab00000)
  object space 68608K, 27% used [0x00000000c0000000,0x00000000c12494b0,0x00000000c4300000)
 Metaspace       used 45917K, committed 46720K, reserved 1097728K
  class space    used 4925K, committed 5312K, reserved 1048576K
}
Event: 12.952 GC heap after
{Heap after GC invocations=17 (full 2):
 PSYoungGen      total 24576K, used 2528K [0x00000000eab00000, 0x00000000eca80000, 0x0000000100000000)
  eden space 22016K, 0% used [0x00000000eab00000,0x00000000eab00000,0x00000000ec080000)
  from space 2560K, 98% used [0x00000000ec080000,0x00000000ec2f8020,0x00000000ec300000)
  to   space 5120K, 0% used [0x00000000ec580000,0x00000000ec580000,0x00000000eca80000)
 ParOldGen       total 68608K, used 20685K [0x00000000c0000000, 0x00000000c4300000, 0x00000000eab00000)
  object space 68608K, 30% used [0x00000000c0000000,0x00000000c14334b0,0x00000000c4300000)
 Metaspace       used 45917K, committed 46720K, reserved 1097728K
  class space    used 4925K, committed 5312K, reserved 1048576K
}
Event: 13.058 GC heap before
{Heap before GC invocations=18 (full 2):
 PSYoungGen      total 24576K, used 24544K [0x00000000eab00000, 0x00000000eca80000, 0x0000000100000000)
  eden space 22016K, 100% used [0x00000000eab00000,0x00000000ec080000,0x00000000ec080000)
  from space 2560K, 98% used [0x00000000ec080000,0x00000000ec2f8020,0x00000000ec300000)
  to   space 5120K, 0% used [0x00000000ec580000,0x00000000ec580000,0x00000000eca80000)
 ParOldGen       total 68608K, used 20685K [0x00000000c0000000, 0x00000000c4300000, 0x00000000eab00000)
  object space 68608K, 30% used [0x00000000c0000000,0x00000000c14334b0,0x00000000c4300000)
 Metaspace       used 45919K, committed 46720K, reserved 1097728K
  class space    used 4925K, committed 5312K, reserved 1048576K
}
Event: 13.062 GC heap after
{Heap after GC invocations=18 (full 2):
 PSYoungGen      total 24576K, used 2144K [0x00000000eab00000, 0x00000000ec800000, 0x0000000100000000)
  eden space 22016K, 0% used [0x00000000eab00000,0x00000000eab00000,0x00000000ec080000)
  from space 2560K, 83% used [0x00000000ec580000,0x00000000ec798000,0x00000000ec800000)
  to   space 3072K, 0% used [0x00000000ec200000,0x00000000ec200000,0x00000000ec500000)
 ParOldGen       total 68608K, used 23215K [0x00000000c0000000, 0x00000000c4300000, 0x00000000eab00000)
  object space 68608K, 33% used [0x00000000c0000000,0x00000000c16abc50,0x00000000c4300000)
 Metaspace       used 45919K, committed 46720K, reserved 1097728K
  class space    used 4925K, committed 5312K, reserved 1048576K
}
Event: 13.168 GC heap before
{Heap before GC invocations=19 (full 2):
 PSYoungGen      total 24576K, used 24160K [0x00000000eab00000, 0x00000000ec800000, 0x0000000100000000)
  eden space 22016K, 100% used [0x00000000eab00000,0x00000000ec080000,0x00000000ec080000)
  from space 2560K, 83% used [0x00000000ec580000,0x00000000ec798000,0x00000000ec800000)
  to   space 3072K, 0% used [0x00000000ec200000,0x00000000ec200000,0x00000000ec500000)
 ParOldGen       total 68608K, used 23215K [0x00000000c0000000, 0x00000000c4300000, 0x00000000eab00000)
  object space 68608K, 33% used [0x00000000c0000000,0x00000000c16abc50,0x00000000c4300000)
 Metaspace       used 45919K, committed 46720K, reserved 1097728K
  class space    used 4925K, committed 5312K, reserved 1048576K
}
Event: 13.173 GC heap after
{Heap after GC invocations=19 (full 2):
 PSYoungGen      total 25088K, used 2560K [0x00000000eab00000, 0x00000000ec680000, 0x0000000100000000)
  eden space 22016K, 0% used [0x00000000eab00000,0x00000000eab00000,0x00000000ec080000)
  from space 3072K, 83% used [0x00000000ec200000,0x00000000ec480010,0x00000000ec500000)
  to   space 1536K, 0% used [0x00000000ec500000,0x00000000ec500000,0x00000000ec680000)
 ParOldGen       total 68608K, used 25327K [0x00000000c0000000, 0x00000000c4300000, 0x00000000eab00000)
  object space 68608K, 36% used [0x00000000c0000000,0x00000000c18bbc50,0x00000000c4300000)
 Metaspace       used 45919K, committed 46720K, reserved 1097728K
  class space    used 4925K, committed 5312K, reserved 1048576K
}
Event: 13.556 GC heap before
{Heap before GC invocations=20 (full 2):
 PSYoungGen      total 25088K, used 24576K [0x00000000eab00000, 0x00000000ec680000, 0x0000000100000000)
  eden space 22016K, 100% used [0x00000000eab00000,0x00000000ec080000,0x00000000ec080000)
  from space 3072K, 83% used [0x00000000ec200000,0x00000000ec480010,0x00000000ec500000)
  to   space 1536K, 0% used [0x00000000ec500000,0x00000000ec500000,0x00000000ec680000)
 ParOldGen       total 68608K, used 25327K [0x00000000c0000000, 0x00000000c4300000, 0x00000000eab00000)
  object space 68608K, 36% used [0x00000000c0000000,0x00000000c18bbc50,0x00000000c4300000)
 Metaspace       used 46228K, committed 47040K, reserved 1097728K
  class space    used 4943K, committed 5312K, reserved 1048576K
}
Event: 13.563 GC heap after
{Heap after GC invocations=20 (full 2):
 PSYoungGen      total 22528K, used 1523K [0x00000000eab00000, 0x00000000ecb80000, 0x0000000100000000)
  eden space 20992K, 0% used [0x00000000eab00000,0x00000000eab00000,0x00000000ebf80000)
  from space 1536K, 99% used [0x00000000ec500000,0x00000000ec67cd80,0x00000000ec680000)
  to   space 5632K, 0% used [0x00000000ebf80000,0x00000000ebf80000,0x00000000ec500000)
 ParOldGen       total 68608K, used 28975K [0x00000000c0000000, 0x00000000c4300000, 0x00000000eab00000)
  object space 68608K, 42% used [0x00000000c0000000,0x00000000c1c4bc60,0x00000000c4300000)
 Metaspace       used 46228K, committed 47040K, reserved 1097728K
  class space    used 4943K, committed 5312K, reserved 1048576K
}
Event: 14.118 GC heap before
{Heap before GC invocations=21 (full 2):
 PSYoungGen      total 22528K, used 22496K [0x00000000eab00000, 0x00000000ecb80000, 0x0000000100000000)
  eden space 20992K, 99% used [0x00000000eab00000,0x00000000ebf7b4b8,0x00000000ebf80000)
  from space 1536K, 99% used [0x00000000ec500000,0x00000000ec67cd80,0x00000000ec680000)
  to   space 5632K, 0% used [0x00000000ebf80000,0x00000000ebf80000,0x00000000ec500000)
 ParOldGen       total 68608K, used 28975K [0x00000000c0000000, 0x00000000c4300000, 0x00000000eab00000)
  object space 68608K, 42% used [0x00000000c0000000,0x00000000c1c4bc60,0x00000000c4300000)
 Metaspace       used 48331K, committed 49088K, reserved 1097728K
  class space    used 5190K, committed 5568K, reserved 1048576K
}
Event: 14.121 GC heap after
{Heap after GC invocations=21 (full 2):
 PSYoungGen      total 22016K, used 630K [0x00000000eab00000, 0x00000000ec580000, 0x0000000100000000)
  eden space 20992K, 0% used [0x00000000eab00000,0x00000000eab00000,0x00000000ebf80000)
  from space 1024K, 61% used [0x00000000ebf80000,0x00000000ec01dba8,0x00000000ec080000)
  to   space 2560K, 0% used [0x00000000ec300000,0x00000000ec300000,0x00000000ec580000)
 ParOldGen       total 68608K, used 30519K [0x00000000c0000000, 0x00000000c4300000, 0x00000000eab00000)
  object space 68608K, 44% used [0x00000000c0000000,0x00000000c1dcdd38,0x00000000c4300000)
 Metaspace       used 48331K, committed 49088K, reserved 1097728K
  class space    used 5190K, committed 5568K, reserved 1048576K
}
Event: 15.020 GC heap before
{Heap before GC invocations=22 (full 2):
 PSYoungGen      total 22016K, used 21622K [0x00000000eab00000, 0x00000000ec580000, 0x0000000100000000)
  eden space 20992K, 100% used [0x00000000eab00000,0x00000000ebf80000,0x00000000ebf80000)
  from space 1024K, 61% used [0x00000000ebf80000,0x00000000ec01dba8,0x00000000ec080000)
  to   space 2560K, 0% used [0x00000000ec300000,0x00000000ec300000,0x00000000ec580000)
 ParOldGen       total 68608K, used 30519K [0x00000000c0000000, 0x00000000c4300000, 0x00000000eab00000)
  object space 68608K, 44% used [0x00000000c0000000,0x00000000c1dcdd38,0x00000000c4300000)
 Metaspace       used 49624K, committed 50432K, reserved 1097728K
  class space    used 5298K, committed 5632K, reserved 1048576K
}
Event: 15.022 GC heap after
{Heap after GC invocations=22 (full 2):
 PSYoungGen      total 22528K, used 1397K [0x00000000eab00000, 0x00000000ec480000, 0x0000000100000000)
  eden space 20992K, 0% used [0x00000000eab00000,0x00000000eab00000,0x00000000ebf80000)
  from space 1536K, 90% used [0x00000000ec300000,0x00000000ec45d648,0x00000000ec480000)
  to   space 2048K, 0% used [0x00000000ec080000,0x00000000ec080000,0x00000000ec280000)
 ParOldGen       total 68608K, used 31040K [0x00000000c0000000, 0x00000000c4300000, 0x00000000eab00000)
  object space 68608K, 45% used [0x00000000c0000000,0x00000000c1e50388,0x00000000c4300000)
 Metaspace       used 49624K, committed 50432K, reserved 1097728K
  class space    used 5298K, committed 5632K, reserved 1048576K
}
Event: 15.306 GC heap before
{Heap before GC invocations=23 (full 2):
 PSYoungGen      total 22528K, used 22389K [0x00000000eab00000, 0x00000000ec480000, 0x0000000100000000)
  eden space 20992K, 100% used [0x00000000eab00000,0x00000000ebf80000,0x00000000ebf80000)
  from space 1536K, 90% used [0x00000000ec300000,0x00000000ec45d648,0x00000000ec480000)
  to   space 2048K, 0% used [0x00000000ec080000,0x00000000ec080000,0x00000000ec280000)
 ParOldGen       total 68608K, used 31040K [0x00000000c0000000, 0x00000000c4300000, 0x00000000eab00000)
  object space 68608K, 45% used [0x00000000c0000000,0x00000000c1e50388,0x00000000c4300000)
 Metaspace       used 49659K, committed 50432K, reserved 1097728K
  class space    used 5298K, committed 5632K, reserved 1048576K
}
Event: 15.308 GC heap after
{Heap after GC invocations=23 (full 2):
 PSYoungGen      total 22016K, used 811K [0x00000000eab00000, 0x00000000ec380000, 0x0000000100000000)
  eden space 20992K, 0% used [0x00000000eab00000,0x00000000eab00000,0x00000000ebf80000)
  from space 1024K, 79% used [0x00000000ec080000,0x00000000ec14ae58,0x00000000ec180000)
  to   space 1536K, 0% used [0x00000000ec200000,0x00000000ec200000,0x00000000ec380000)
 ParOldGen       total 68608K, used 31782K [0x00000000c0000000, 0x00000000c4300000, 0x00000000eab00000)
  object space 68608K, 46% used [0x00000000c0000000,0x00000000c1f098f0,0x00000000c4300000)
 Metaspace       used 49659K, committed 50432K, reserved 1097728K
  class space    used 5298K, committed 5632K, reserved 1048576K
}

